DEBUG 2020-10-19 17:43:26 [main] io.netty.util.internal.logging.InternalLoggerFactory (InternalLoggerFactory.java:49) - Using Log4J2 as the default logging framework
DEBUG 2020-10-19 17:43:26 [main] io.netty.channel.MultithreadEventLoopGroup (MultithreadEventLoopGroup.java:44) - -Dio.netty.eventLoopThreads: 8
DEBUG 2020-10-19 17:43:26 [main] io.netty.util.internal.InternalThreadLocalMap (InternalThreadLocalMap.java:56) - -Dio.netty.threadLocalMap.stringBuilder.initialSize: 1024
DEBUG 2020-10-19 17:43:26 [main] io.netty.util.internal.InternalThreadLocalMap (InternalThreadLocalMap.java:59) - -Dio.netty.threadLocalMap.stringBuilder.maxSize: 4096
DEBUG 2020-10-19 17:43:26 [main] io.netty.channel.nio.NioEventLoop (NioEventLoop.java:106) - -Dio.netty.noKeySetOptimization: false
DEBUG 2020-10-19 17:43:26 [main] io.netty.channel.nio.NioEventLoop (NioEventLoop.java:107) - -Dio.netty.selectorAutoRebuildThreshold: 512
DEBUG 2020-10-19 17:43:26 [main] io.netty.util.internal.PlatformDependent (PlatformDependent.java:1028) - Platform: Windows
DEBUG 2020-10-19 17:43:26 [main] io.netty.util.internal.PlatformDependent0 (PlatformDependent0.java:417) - -Dio.netty.noUnsafe: false
DEBUG 2020-10-19 17:43:26 [main] io.netty.util.internal.PlatformDependent0 (PlatformDependent0.java:889) - Java version: 8
DEBUG 2020-10-19 17:43:26 [main] io.netty.util.internal.PlatformDependent0 (PlatformDependent0.java:130) - sun.misc.Unsafe.theUnsafe: available
DEBUG 2020-10-19 17:43:26 [main] io.netty.util.internal.PlatformDependent0 (PlatformDependent0.java:154) - sun.misc.Unsafe.copyMemory: available
DEBUG 2020-10-19 17:43:26 [main] io.netty.util.internal.PlatformDependent0 (PlatformDependent0.java:192) - java.nio.Buffer.address: available
DEBUG 2020-10-19 17:43:26 [main] io.netty.util.internal.PlatformDependent0 (PlatformDependent0.java:257) - direct buffer constructor: available
DEBUG 2020-10-19 17:43:26 [main] io.netty.util.internal.PlatformDependent0 (PlatformDependent0.java:331) - java.nio.Bits.unaligned: available, true
DEBUG 2020-10-19 17:43:26 [main] io.netty.util.internal.PlatformDependent0 (PlatformDependent0.java:396) - jdk.internal.misc.Unsafe.allocateUninitializedArray(int): unavailable prior to Java9
DEBUG 2020-10-19 17:43:26 [main] io.netty.util.internal.PlatformDependent0 (PlatformDependent0.java:403) - java.nio.DirectByteBuffer.<init>(long, int): available
DEBUG 2020-10-19 17:43:26 [main] io.netty.util.internal.PlatformDependent (PlatformDependent.java:1071) - sun.misc.Unsafe: available
DEBUG 2020-10-19 17:43:26 [main] io.netty.util.internal.PlatformDependent (PlatformDependent.java:1192) - -Dio.netty.tmpdir: C:\Users\komle\AppData\Local\Temp (java.io.tmpdir)
DEBUG 2020-10-19 17:43:26 [main] io.netty.util.internal.PlatformDependent (PlatformDependent.java:1271) - -Dio.netty.bitMode: 64 (sun.arch.data.model)
DEBUG 2020-10-19 17:43:26 [main] io.netty.util.internal.PlatformDependent (PlatformDependent.java:177) - -Dio.netty.maxDirectMemory: 1840250880 bytes
DEBUG 2020-10-19 17:43:26 [main] io.netty.util.internal.PlatformDependent (PlatformDependent.java:184) - -Dio.netty.uninitializedArrayAllocationThreshold: -1
DEBUG 2020-10-19 17:43:26 [main] io.netty.util.internal.CleanerJava6 (CleanerJava6.java:92) - java.nio.ByteBuffer.cleaner(): available
DEBUG 2020-10-19 17:43:26 [main] io.netty.util.internal.PlatformDependent (PlatformDependent.java:204) - -Dio.netty.noPreferDirect: false
DEBUG 2020-10-19 17:43:26 [main] io.netty.util.internal.PlatformDependent$Mpsc (PlatformDependent.java:932) - org.jctools-core.MpscChunkedArrayQueue: available
TRACE 2020-10-19 17:43:26 [main] io.netty.channel.nio.NioEventLoop (NioEventLoop.java:260) - instrumented a special java.util.Set into: sun.nio.ch.WindowsSelectorImpl@222114ba
TRACE 2020-10-19 17:43:26 [main] io.netty.channel.nio.NioEventLoop (NioEventLoop.java:260) - instrumented a special java.util.Set into: sun.nio.ch.WindowsSelectorImpl@3b07a0d6
TRACE 2020-10-19 17:43:26 [main] io.netty.channel.nio.NioEventLoop (NioEventLoop.java:260) - instrumented a special java.util.Set into: sun.nio.ch.WindowsSelectorImpl@11a9e7c8
TRACE 2020-10-19 17:43:26 [main] io.netty.channel.nio.NioEventLoop (NioEventLoop.java:260) - instrumented a special java.util.Set into: sun.nio.ch.WindowsSelectorImpl@3901d134
TRACE 2020-10-19 17:43:26 [main] io.netty.channel.nio.NioEventLoop (NioEventLoop.java:260) - instrumented a special java.util.Set into: sun.nio.ch.WindowsSelectorImpl@14d3bc22
TRACE 2020-10-19 17:43:26 [main] io.netty.channel.nio.NioEventLoop (NioEventLoop.java:260) - instrumented a special java.util.Set into: sun.nio.ch.WindowsSelectorImpl@12d4bf7e
TRACE 2020-10-19 17:43:26 [main] io.netty.channel.nio.NioEventLoop (NioEventLoop.java:260) - instrumented a special java.util.Set into: sun.nio.ch.WindowsSelectorImpl@4c1d9d4b
TRACE 2020-10-19 17:43:26 [main] io.netty.channel.nio.NioEventLoop (NioEventLoop.java:260) - instrumented a special java.util.Set into: sun.nio.ch.WindowsSelectorImpl@7b227d8d
TRACE 2020-10-19 17:43:26 [main] io.netty.channel.nio.NioEventLoop (NioEventLoop.java:260) - instrumented a special java.util.Set into: sun.nio.ch.WindowsSelectorImpl@61dd025
TRACE 2020-10-19 17:43:26 [main] io.netty.channel.nio.NioEventLoop (NioEventLoop.java:260) - instrumented a special java.util.Set into: sun.nio.ch.WindowsSelectorImpl@124c278f
TRACE 2020-10-19 17:43:26 [main] io.netty.channel.nio.NioEventLoop (NioEventLoop.java:260) - instrumented a special java.util.Set into: sun.nio.ch.WindowsSelectorImpl@15b204a1
TRACE 2020-10-19 17:43:26 [main] io.netty.channel.nio.NioEventLoop (NioEventLoop.java:260) - instrumented a special java.util.Set into: sun.nio.ch.WindowsSelectorImpl@77167fb7
TRACE 2020-10-19 17:43:26 [main] io.netty.channel.nio.NioEventLoop (NioEventLoop.java:260) - instrumented a special java.util.Set into: sun.nio.ch.WindowsSelectorImpl@1fe20588
TRACE 2020-10-19 17:43:26 [main] io.netty.channel.nio.NioEventLoop (NioEventLoop.java:260) - instrumented a special java.util.Set into: sun.nio.ch.WindowsSelectorImpl@6ce139a4
TRACE 2020-10-19 17:43:26 [main] io.netty.channel.nio.NioEventLoop (NioEventLoop.java:260) - instrumented a special java.util.Set into: sun.nio.ch.WindowsSelectorImpl@6973bf95
TRACE 2020-10-19 17:43:27 [main] io.netty.channel.nio.NioEventLoop (NioEventLoop.java:260) - instrumented a special java.util.Set into: sun.nio.ch.WindowsSelectorImpl@2ddc8ecb
DEBUG 2020-10-19 17:43:27 [main] io.netty.channel.DefaultChannelId (DefaultChannelId.java:79) - -Dio.netty.processId: 15072 (auto-detected)
DEBUG 2020-10-19 17:43:27 [main] io.netty.util.NetUtil (NetUtil.java:139) - -Djava.net.preferIPv4Stack: false
DEBUG 2020-10-19 17:43:27 [main] io.netty.util.NetUtil (NetUtil.java:140) - -Djava.net.preferIPv6Addresses: false
DEBUG 2020-10-19 17:43:27 [main] io.netty.util.NetUtil (NetUtil.java:224) - Loopback interface: lo (Software Loopback Interface 1, 127.0.0.1)
DEBUG 2020-10-19 17:43:27 [main] io.netty.util.NetUtil$1 (NetUtil.java:289) - Failed to get SOMAXCONN from sysctl and file \proc\sys\net\core\somaxconn. Default: 200
DEBUG 2020-10-19 17:43:27 [main] io.netty.channel.DefaultChannelId (DefaultChannelId.java:101) - -Dio.netty.machineId: 7c:7a:91:ff:fe:47:f5:09 (auto-detected)
DEBUG 2020-10-19 17:43:27 [main] io.netty.util.ResourceLeakDetector (ResourceLeakDetector.java:130) - -Dio.netty.leakDetection.level: simple
DEBUG 2020-10-19 17:43:27 [main] io.netty.util.ResourceLeakDetector (ResourceLeakDetector.java:131) - -Dio.netty.leakDetection.targetRecords: 4
DEBUG 2020-10-19 17:43:27 [main] io.netty.buffer.PooledByteBufAllocator (PooledByteBufAllocator.java:154) - -Dio.netty.allocator.numHeapArenas: 8
DEBUG 2020-10-19 17:43:27 [main] io.netty.buffer.PooledByteBufAllocator (PooledByteBufAllocator.java:155) - -Dio.netty.allocator.numDirectArenas: 8
DEBUG 2020-10-19 17:43:27 [main] io.netty.buffer.PooledByteBufAllocator (PooledByteBufAllocator.java:157) - -Dio.netty.allocator.pageSize: 8192
DEBUG 2020-10-19 17:43:27 [main] io.netty.buffer.PooledByteBufAllocator (PooledByteBufAllocator.java:162) - -Dio.netty.allocator.maxOrder: 11
DEBUG 2020-10-19 17:43:27 [main] io.netty.buffer.PooledByteBufAllocator (PooledByteBufAllocator.java:166) - -Dio.netty.allocator.chunkSize: 16777216
DEBUG 2020-10-19 17:43:27 [main] io.netty.buffer.PooledByteBufAllocator (PooledByteBufAllocator.java:167) - -Dio.netty.allocator.smallCacheSize: 256
DEBUG 2020-10-19 17:43:27 [main] io.netty.buffer.PooledByteBufAllocator (PooledByteBufAllocator.java:168) - -Dio.netty.allocator.normalCacheSize: 64
DEBUG 2020-10-19 17:43:27 [main] io.netty.buffer.PooledByteBufAllocator (PooledByteBufAllocator.java:169) - -Dio.netty.allocator.maxCachedBufferCapacity: 32768
DEBUG 2020-10-19 17:43:27 [main] io.netty.buffer.PooledByteBufAllocator (PooledByteBufAllocator.java:170) - -Dio.netty.allocator.cacheTrimInterval: 8192
DEBUG 2020-10-19 17:43:27 [main] io.netty.buffer.PooledByteBufAllocator (PooledByteBufAllocator.java:171) - -Dio.netty.allocator.cacheTrimIntervalMillis: 0
DEBUG 2020-10-19 17:43:27 [main] io.netty.buffer.PooledByteBufAllocator (PooledByteBufAllocator.java:172) - -Dio.netty.allocator.useCacheForAllThreads: true
DEBUG 2020-10-19 17:43:27 [main] io.netty.buffer.PooledByteBufAllocator (PooledByteBufAllocator.java:173) - -Dio.netty.allocator.maxCachedByteBuffersPerChunk: 1023
DEBUG 2020-10-19 17:43:27 [main] io.netty.buffer.ByteBufUtil (ByteBufUtil.java:87) - -Dio.netty.allocator.type: pooled
DEBUG 2020-10-19 17:43:27 [main] io.netty.buffer.ByteBufUtil (ByteBufUtil.java:96) - -Dio.netty.threadLocalDirectBufferSize: 0
DEBUG 2020-10-19 17:43:27 [main] io.netty.buffer.ByteBufUtil (ByteBufUtil.java:99) - -Dio.netty.maxThreadLocalCharBufferSize: 16384
DEBUG 2020-10-19 17:43:43 [nioEventLoopGroup-3-1] io.netty.util.Recycler (Recycler.java:100) - -Dio.netty.recycler.maxCapacityPerThread: 4096
DEBUG 2020-10-19 17:43:43 [nioEventLoopGroup-3-1] io.netty.util.Recycler (Recycler.java:101) - -Dio.netty.recycler.maxSharedCapacityFactor: 2
DEBUG 2020-10-19 17:43:43 [nioEventLoopGroup-3-1] io.netty.util.Recycler (Recycler.java:102) - -Dio.netty.recycler.linkCapacity: 16
DEBUG 2020-10-19 17:43:43 [nioEventLoopGroup-3-1] io.netty.util.Recycler (Recycler.java:103) - -Dio.netty.recycler.ratio: 8
DEBUG 2020-10-19 17:43:43 [nioEventLoopGroup-3-1] io.netty.util.Recycler (Recycler.java:104) - -Dio.netty.recycler.delayedQueue.ratio: 8
DEBUG 2020-10-19 17:43:43 [nioEventLoopGroup-3-1] io.netty.buffer.AbstractByteBuf (AbstractByteBuf.java:63) - -Dio.netty.buffer.checkAccessible: true
DEBUG 2020-10-19 17:43:43 [nioEventLoopGroup-3-1] io.netty.buffer.AbstractByteBuf (AbstractByteBuf.java:64) - -Dio.netty.buffer.checkBounds: true
DEBUG 2020-10-19 17:43:43 [nioEventLoopGroup-3-1] io.netty.util.ResourceLeakDetectorFactory$DefaultResourceLeakDetectorFactory (ResourceLeakDetectorFactory.java:196) - Loaded default ResourceLeakDetector: io.netty.util.ResourceLeakDetector@67c99950
